1606751165291	geckodriver	INFO	Listening on 127.0.0.1:7348
1606751168348	mozrunner::runner	INFO	Running command: "C:\\Program Files\\Mozilla Firefox\\firefox.exe" "--marionette" "-foreground" "-no-remote" "-profile" "C:\\Users\\NIMRAA~1\\AppData\\Local\\Temp\\rust_mozprofileKFmwc6"
Can't find symbol 'eglSwapBuffersWithDamageEXT'.
Can't find symbol 'eglSetDamageRegionKHR'.
JavaScript error: resource://gre/modules/XULStore.jsm, line 66: Error: Can't find profile directory.
console.warn: SearchSettings: "get: No settings file exists, new profile?" (new Error("", "(unknown module)"))
1606751172755	Marionette	INFO	Listening on port 7356
1606751173089	Marionette	WARN	TLS certificate errors will be ignored for this session
Marionette threw an error: TypeError: driver.dialogObserver is null
waitForNavigationCompleted/<@chrome://marionette/content/navigate.js:364:5

1606751188676	Marionette	INFO	Stopped listening on port 7356

###!!! [Child][RunMessage] Error: Channel closing: too late to send/recv, messages will be lost


###!!! [Child][MessageChannel::SendAndWait] Error: Channel error: cannot send/recv

1606751201672	geckodriver	INFO	Listening on 127.0.0.1:7435
1606751204700	mozrunner::runner	INFO	Running command: "C:\\Program Files\\Mozilla Firefox\\firefox.exe" "--marionette" "-foreground" "-no-remote" "-profile" "C:\\Users\\NIMRAA~1\\AppData\\Local\\Temp\\rust_mozprofileGHK413"
Can't find symbol 'eglSwapBuffersWithDamageEXT'.
Can't find symbol 'eglSetDamageRegionKHR'.
JavaScript error: resource://gre/modules/XULStore.jsm, line 66: Error: Can't find profile directory.
console.warn: SearchSettings: "get: No settings file exists, new profile?" (new Error("", "(unknown module)"))
1606751207935	Marionette	INFO	Listening on port 7443
1606751208351	Marionette	WARN	TLS certificate errors will be ignored for this session
JavaScript warning: https://serverapi.arcgisonline.com/jsapi/arcgis/3.4/, line 34: unreachable code after return statement
JavaScript warning: https://serverapi.arcgisonline.com/jsapi/arcgis/3.4/, line 34: unreachable code after return statement
JavaScript warning: https://ajax.googleapis.com/ajax/libs/jquery/1.3.2/jquery.min.js, line 19: unreachable code after return statement
JavaScript error: https://ajax.googleapis.com/ajax/libs/jquery/1.3.2/jquery.min.js, line 19: TypeError: document.body is null
JavaScript warning: https://serverapi.arcgisonline.com/jsapi/arcgis/3.4/, line 34: unreachable code after return statement
JavaScript warning: https://serverapi.arcgisonline.com/jsapi/arcgis/3.4/, line 34: unreachable code after return statement
JavaScript warning: https://ajax.googleapis.com/ajax/libs/jquery/1.3.2/jquery.min.js, line 19: unreachable code after return statement
JavaScript error: https://ajax.googleapis.com/ajax/libs/jquery/1.3.2/jquery.min.js, line 19: TypeError: document.body is null
1606751229048	Marionette	INFO	Stopped listening on port 7443

###!!! [Child][MessageChannel] Error: (msgtype=0x6B0027,name=PNecko::Msg_RemoveRequestContext) Channel closing: too late to send/recv, messages will be lost


###!!! [Child][RunMessage] Error: Channel closing: too late to send/recv, messages will be lost


###!!! [Child][RunMessage] Error: Channel closing: too late to send/recv, messages will be lost


###!!! [Child][MessageChannel::SendAndWait] Error: Channel error: cannot send/recv

1606751230240	geckodriver	INFO	Listening on 127.0.0.1:7511
1606751233285	mozrunner::runner	INFO	Running command: "C:\\Program Files\\Mozilla Firefox\\firefox.exe" "--marionette" "-foreground" "-no-remote" "-profile" "C:\\Users\\NIMRAA~1\\AppData\\Local\\Temp\\rust_mozprofileTVWeS0"
Can't find symbol 'eglSwapBuffersWithDamageEXT'.
Can't find symbol 'eglSetDamageRegionKHR'.
JavaScript error: resource://gre/modules/XULStore.jsm, line 66: Error: Can't find profile directory.
console.warn: SearchSettings: "get: No settings file exists, new profile?" (new Error("", "(unknown module)"))
1606751236340	Marionette	INFO	Listening on port 7519
1606751236439	Marionette	WARN	TLS certificate errors will be ignored for this session
JavaScript warning: https://serverapi.arcgisonline.com/jsapi/arcgis/3.4/, line 34: unreachable code after return statement
JavaScript warning: https://serverapi.arcgisonline.com/jsapi/arcgis/3.4/, line 34: unreachable code after return statement
JavaScript warning: https://ajax.googleapis.com/ajax/libs/jquery/1.3.2/jquery.min.js, line 19: unreachable code after return statement
JavaScript error: https://ajax.googleapis.com/ajax/libs/jquery/1.3.2/jquery.min.js, line 19: TypeError: document.body is null
JavaScript warning: https://serverapi.arcgisonline.com/jsapi/arcgis/3.4/, line 34: unreachable code after return statement
JavaScript warning: https://serverapi.arcgisonline.com/jsapi/arcgis/3.4/, line 34: unreachable code after return statement
JavaScript warning: https://ajax.googleapis.com/ajax/libs/jquery/1.3.2/jquery.min.js, line 19: unreachable code after return statement
JavaScript error: https://ajax.googleapis.com/ajax/libs/jquery/1.3.2/jquery.min.js, line 19: TypeError: document.body is null
1606751268598	Marionette	INFO	Stopped listening on port 7519

###!!! [Child][RunMessage] Error: Channel closing: too late to send/recv, messages will be lost


###!!! [Child][MessageChannel::SendAndWait] Error: Channel error: cannot send/recv

1606751269680	geckodriver	INFO	Listening on 127.0.0.1:7593
1606751272731	mozrunner::runner	INFO	Running command: "C:\\Program Files\\Mozilla Firefox\\firefox.exe" "--marionette" "-foreground" "-no-remote" "-profile" "C:\\Users\\NIMRAA~1\\AppData\\Local\\Temp\\rust_mozprofileRLwtHK"
Can't find symbol 'eglSwapBuffersWithDamageEXT'.
Can't find symbol 'eglSetDamageRegionKHR'.
JavaScript error: resource://gre/modules/XULStore.jsm, line 66: Error: Can't find profile directory.
console.warn: SearchSettings: "get: No settings file exists, new profile?" (new Error("", "(unknown module)"))
1606751275957	Marionette	INFO	Listening on port 7601
1606751276388	Marionette	WARN	TLS certificate errors will be ignored for this session
JavaScript warning: https://serverapi.arcgisonline.com/jsapi/arcgis/3.4/, line 34: unreachable code after return statement
JavaScript warning: https://serverapi.arcgisonline.com/jsapi/arcgis/3.4/, line 34: unreachable code after return statement
JavaScript warning: https://ajax.googleapis.com/ajax/libs/jquery/1.3.2/jquery.min.js, line 19: unreachable code after return statement
JavaScript error: https://ajax.googleapis.com/ajax/libs/jquery/1.3.2/jquery.min.js, line 19: TypeError: document.body is null
JavaScript warning: https://serverapi.arcgisonline.com/jsapi/arcgis/3.4/, line 34: unreachable code after return statement
JavaScript warning: https://serverapi.arcgisonline.com/jsapi/arcgis/3.4/, line 34: unreachable code after return statement
JavaScript warning: https://ajax.googleapis.com/ajax/libs/jquery/1.3.2/jquery.min.js, line 19: unreachable code after return statement
JavaScript error: https://ajax.googleapis.com/ajax/libs/jquery/1.3.2/jquery.min.js, line 19: TypeError: document.body is null
1606751308700	Marionette	INFO	Stopped listening on port 7601

###!!! [Child][RunMessage] Error: Channel closing: too late to send/recv, messages will be lost


###!!! [Child][MessageChannel::SendAndWait] Error: Channel error: cannot send/recv

1606751309722	geckodriver	INFO	Listening on 127.0.0.1:7669
1606751312771	mozrunner::runner	INFO	Running command: "C:\\Program Files\\Mozilla Firefox\\firefox.exe" "--marionette" "-foreground" "-no-remote" "-profile" "C:\\Users\\NIMRAA~1\\AppData\\Local\\Temp\\rust_mozprofilef2CdvF"
Can't find symbol 'eglSwapBuffersWithDamageEXT'.
Can't find symbol 'eglSetDamageRegionKHR'.
JavaScript error: resource://gre/modules/XULStore.jsm, line 66: Error: Can't find profile directory.
console.warn: SearchSettings: "get: No settings file exists, new profile?" (new Error("", "(unknown module)"))
1606751316158	Marionette	INFO	Listening on port 7677
1606751316416	Marionette	WARN	TLS certificate errors will be ignored for this session
console.error: Region.jsm: "Error fetching region" (new Error("TIMEOUT", "resource://gre/modules/Region.jsm", 726))
console.error: Region.jsm: "Failed to fetch region" (new Error("TIMEOUT", "resource://gre/modules/Region.jsm", 376))
JavaScript warning: https://serverapi.arcgisonline.com/jsapi/arcgis/3.4/, line 34: unreachable code after return statement
JavaScript warning: https://serverapi.arcgisonline.com/jsapi/arcgis/3.4/, line 34: unreachable code after return statement
JavaScript warning: https://ajax.googleapis.com/ajax/libs/jquery/1.3.2/jquery.min.js, line 19: unreachable code after return statement
JavaScript error: https://ajax.googleapis.com/ajax/libs/jquery/1.3.2/jquery.min.js, line 19: TypeError: document.body is null
JavaScript warning: https://serverapi.arcgisonline.com/jsapi/arcgis/3.4/, line 34: unreachable code after return statement
JavaScript warning: https://serverapi.arcgisonline.com/jsapi/arcgis/3.4/, line 34: unreachable code after return statement
JavaScript warning: https://ajax.googleapis.com/ajax/libs/jquery/1.3.2/jquery.min.js, line 19: unreachable code after return statement
JavaScript error: https://ajax.googleapis.com/ajax/libs/jquery/1.3.2/jquery.min.js, line 19: TypeError: document.body is null
1606751330986	Marionette	INFO	Stopped listening on port 7677
[Child 10324, Chrome_ChildThread] WARNING: pipe error: 232: file /builds/worker/checkouts/gecko/ipc/chromium/src/chrome/common/ipc_channel_win.cc:545
[Child 10324, Chrome_ChildThread] WARNING: pipe error: 232: file /builds/worker/checkouts/gecko/ipc/chromium/src/chrome/common/ipc_channel_win.cc:545

###!!! [Child][RunMessage] Error: Channel closing: too late to send/recv, messages will be lost


###!!! [Child][MessageChannel::SendAndWait] Error: Channel error: cannot send/recv

1606751332015	geckodriver	INFO	Listening on 127.0.0.1:7744
1606751351668	geckodriver	INFO	Listening on 127.0.0.1:7752
1606751354701	mozrunner::runner	INFO	Running command: "C:\\Program Files\\Mozilla Firefox\\firefox.exe" "--marionette" "-foreground" "-no-remote" "-profile" "C:\\Users\\NIMRAA~1\\AppData\\Local\\Temp\\rust_mozprofile5yQS6a"
Can't find symbol 'eglSwapBuffersWithDamageEXT'.
Can't find symbol 'eglSetDamageRegionKHR'.
JavaScript error: resource://gre/modules/XULStore.jsm, line 66: Error: Can't find profile directory.
console.warn: SearchSettings: "get: No settings file exists, new profile?" (new Error("", "(unknown module)"))
1606751358266	Marionette	INFO	Listening on port 7760
1606751358359	Marionette	WARN	TLS certificate errors will be ignored for this session
console.error: Region.jsm: "Error fetching region" (new Error("TIMEOUT", "resource://gre/modules/Region.jsm", 726))
console.error: Region.jsm: "Failed to fetch region" (new Error("TIMEOUT", "resource://gre/modules/Region.jsm", 376))
JavaScript warning: https://serverapi.arcgisonline.com/jsapi/arcgis/3.4/, line 34: unreachable code after return statement
JavaScript warning: https://serverapi.arcgisonline.com/jsapi/arcgis/3.4/, line 34: unreachable code after return statement
JavaScript warning: https://ajax.googleapis.com/ajax/libs/jquery/1.3.2/jquery.min.js, line 19: unreachable code after return statement
JavaScript error: https://ajax.googleapis.com/ajax/libs/jquery/1.3.2/jquery.min.js, line 19: TypeError: document.body is null
JavaScript warning: https://serverapi.arcgisonline.com/jsapi/arcgis/3.4/, line 34: unreachable code after return statement
JavaScript warning: https://serverapi.arcgisonline.com/jsapi/arcgis/3.4/, line 34: unreachable code after return statement
JavaScript warning: https://ajax.googleapis.com/ajax/libs/jquery/1.3.2/jquery.min.js, line 19: unreachable code after return statement
JavaScript error: https://ajax.googleapis.com/ajax/libs/jquery/1.3.2/jquery.min.js, line 19: TypeError: document.body is null
1606751381167	Marionette	INFO	Stopped listening on port 7760
[Child 6724, Chrome_ChildThread] WARNING: pipe error: 232: file /builds/worker/checkouts/gecko/ipc/chromium/src/chrome/common/ipc_channel_win.cc:545

###!!! [Child][RunMessage] Error: Channel closing: too late to send/recv, messages will be lost


###!!! [Child][MessageChannel::SendAndWait] Error: Channel error: cannot send/recv

1606751465116	geckodriver	INFO	Listening on 127.0.0.1:7841
1606751468173	mozrunner::runner	INFO	Running command: "C:\\Program Files\\Mozilla Firefox\\firefox.exe" "--marionette" "-foreground" "-no-remote" "-profile" "C:\\Users\\NIMRAA~1\\AppData\\Local\\Temp\\rust_mozprofileBNl6nu"
Can't find symbol 'eglSwapBuffersWithDamageEXT'.
Can't find symbol 'eglSetDamageRegionKHR'.
JavaScript error: resource://gre/modules/XULStore.jsm, line 66: Error: Can't find profile directory.
console.warn: SearchSettings: "get: No settings file exists, new profile?" (new Error("", "(unknown module)"))
1606751471556	Marionette	INFO	Listening on port 7849
1606751471827	Marionette	WARN	TLS certificate errors will be ignored for this session
JavaScript warning: https://serverapi.arcgisonline.com/jsapi/arcgis/3.4/, line 34: unreachable code after return statement
JavaScript warning: https://serverapi.arcgisonline.com/jsapi/arcgis/3.4/, line 34: unreachable code after return statement
JavaScript warning: https://ajax.googleapis.com/ajax/libs/jquery/1.3.2/jquery.min.js, line 19: unreachable code after return statement
JavaScript error: https://ajax.googleapis.com/ajax/libs/jquery/1.3.2/jquery.min.js, line 19: TypeError: document.body is null
JavaScript warning: https://serverapi.arcgisonline.com/jsapi/arcgis/3.4/, line 34: unreachable code after return statement
JavaScript warning: https://serverapi.arcgisonline.com/jsapi/arcgis/3.4/, line 34: unreachable code after return statement
JavaScript warning: https://ajax.googleapis.com/ajax/libs/jquery/1.3.2/jquery.min.js, line 19: unreachable code after return statement
JavaScript error: https://ajax.googleapis.com/ajax/libs/jquery/1.3.2/jquery.min.js, line 19: TypeError: document.body is null
1606751491538	Marionette	INFO	Stopped listening on port 7849

###!!! [Child][RunMessage] Error: Channel closing: too late to send/recv, messages will be lost


###!!! [Child][MessageChannel::SendAndWait] Error: Channel error: cannot send/recv

1606751544890	geckodriver	INFO	Listening on 127.0.0.1:7929
1606751547939	mozrunner::runner	INFO	Running command: "C:\\Program Files\\Mozilla Firefox\\firefox.exe" "--marionette" "-foreground" "-no-remote" "-profile" "C:\\Users\\NIMRAA~1\\AppData\\Local\\Temp\\rust_mozprofilefwkt2S"
Can't find symbol 'eglSwapBuffersWithDamageEXT'.
Can't find symbol 'eglSetDamageRegionKHR'.
JavaScript error: resource://gre/modules/XULStore.jsm, line 66: Error: Can't find profile directory.
console.warn: SearchSettings: "get: No settings file exists, new profile?" (new Error("", "(unknown module)"))
1606751552401	Marionette	INFO	Listening on port 7937
1606751552688	Marionette	WARN	TLS certificate errors will be ignored for this session
JavaScript warning: https://serverapi.arcgisonline.com/jsapi/arcgis/3.4/, line 34: unreachable code after return statement
JavaScript warning: https://serverapi.arcgisonline.com/jsapi/arcgis/3.4/, line 34: unreachable code after return statement
JavaScript warning: https://ajax.googleapis.com/ajax/libs/jquery/1.3.2/jquery.min.js, line 19: unreachable code after return statement
JavaScript error: https://ajax.googleapis.com/ajax/libs/jquery/1.3.2/jquery.min.js, line 19: TypeError: document.body is null
JavaScript warning: https://serverapi.arcgisonline.com/jsapi/arcgis/3.4/, line 34: unreachable code after return statement
JavaScript warning: https://serverapi.arcgisonline.com/jsapi/arcgis/3.4/, line 34: unreachable code after return statement
JavaScript warning: https://ajax.googleapis.com/ajax/libs/jquery/1.3.2/jquery.min.js, line 19: unreachable code after return statement
JavaScript error: https://ajax.googleapis.com/ajax/libs/jquery/1.3.2/jquery.min.js, line 19: TypeError: document.body is null
1606751569124	Marionette	INFO	Stopped listening on port 7937
[Child 11084, Chrome_ChildThread] WARNING: pipe error: 232: file /builds/worker/checkouts/gecko/ipc/chromium/src/chrome/common/ipc_channel_win.cc:545
[Child 11084, Chrome_ChildThread] WARNING: pipe error: 232: file /builds/worker/checkouts/gecko/ipc/chromium/src/chrome/common/ipc_channel_win.cc:545
[Child 11084, Chrome_ChildThread] WARNING: pipe error: 232: file /builds/worker/checkouts/gecko/ipc/chromium/src/chrome/common/ipc_channel_win.cc:545
[Child 11084, Chrome_ChildThread] WARNING: pipe error: 232: file /builds/worker/checkouts/gecko/ipc/chromium/src/chrome/common/ipc_channel_win.cc:545

###!!! [Child][RunMessage] Error: Channel closing: too late to send/recv, messages will be lost


###!!! [Child][MessageChannel::SendAndWait] Error: Channel error: cannot send/recv

1606751597481	geckodriver	INFO	Listening on 127.0.0.1:8020
1606751600542	mozrunner::runner	INFO	Running command: "C:\\Program Files\\Mozilla Firefox\\firefox.exe" "--marionette" "-foreground" "-no-remote" "-profile" "C:\\Users\\NIMRAA~1\\AppData\\Local\\Temp\\rust_mozprofileGQ3jZg"
Can't find symbol 'eglSwapBuffersWithDamageEXT'.
Can't find symbol 'eglSetDamageRegionKHR'.
JavaScript error: resource://gre/modules/XULStore.jsm, line 66: Error: Can't find profile directory.
console.warn: SearchSettings: "get: No settings file exists, new profile?" (new Error("", "(unknown module)"))
1606751604080	Marionette	INFO	Listening on port 8028
1606751604193	Marionette	WARN	TLS certificate errors will be ignored for this session
console.error: Region.jsm: "Error fetching region" (new Error("TIMEOUT", "resource://gre/modules/Region.jsm", 726))
console.error: Region.jsm: "Failed to fetch region" (new Error("TIMEOUT", "resource://gre/modules/Region.jsm", 376))
JavaScript warning: https://ajax.googleapis.com/ajax/libs/jquery/1.3.2/jquery.min.js, line 19: unreachable code after return statement
JavaScript error: https://ajax.googleapis.com/ajax/libs/jquery/1.3.2/jquery.min.js, line 19: TypeError: document.body is null
JavaScript warning: https://serverapi.arcgisonline.com/jsapi/arcgis/3.4/, line 34: unreachable code after return statement
JavaScript warning: https://serverapi.arcgisonline.com/jsapi/arcgis/3.4/, line 34: unreachable code after return statement
JavaScript warning: https://ajax.googleapis.com/ajax/libs/jquery/1.3.2/jquery.min.js, line 19: unreachable code after return statement
JavaScript error: https://ajax.googleapis.com/ajax/libs/jquery/1.3.2/jquery.min.js, line 19: TypeError: document.body is null
1606751712056	Marionette	INFO	Stopped listening on port 8028

###!!! [Child][RunMessage] Error: Channel closing: too late to send/recv, messages will be lost


###!!! [Child][RunMessage] Error: Channel closing: too late to send/recv, messages will be lost


###!!! [Child][RunMessage] Error: Channel closing: too late to send/recv, messages will be lost


###!!! [Child][MessageChannel::SendAndWait] Error: Channel error: cannot send/recv

1606751733196	geckodriver	INFO	Listening on 127.0.0.1:8193
1606751736252	mozrunner::runner	INFO	Running command: "C:\\Program Files\\Mozilla Firefox\\firefox.exe" "--marionette" "-foreground" "-no-remote" "-profile" "C:\\Users\\NIMRAA~1\\AppData\\Local\\Temp\\rust_mozprofileIf68mA"
Can't find symbol 'eglSwapBuffersWithDamageEXT'.
Can't find symbol 'eglSetDamageRegionKHR'.
JavaScript error: resource://gre/modules/XULStore.jsm, line 66: Error: Can't find profile directory.
console.warn: SearchSettings: "get: No settings file exists, new profile?" (new Error("", "(unknown module)"))
1606751739703	Marionette	INFO	Listening on port 8205
1606751739920	Marionette	WARN	TLS certificate errors will be ignored for this session
JavaScript warning: https://serverapi.arcgisonline.com/jsapi/arcgis/3.4/, line 34: unreachable code after return statement
JavaScript warning: https://serverapi.arcgisonline.com/jsapi/arcgis/3.4/, line 34: unreachable code after return statement
JavaScript warning: https://ajax.googleapis.com/ajax/libs/jquery/1.3.2/jquery.min.js, line 19: unreachable code after return statement
JavaScript error: https://ajax.googleapis.com/ajax/libs/jquery/1.3.2/jquery.min.js, line 19: TypeError: document.body is null
JavaScript warning: https://serverapi.arcgisonline.com/jsapi/arcgis/3.4/, line 34: unreachable code after return statement
JavaScript warning: https://serverapi.arcgisonline.com/jsapi/arcgis/3.4/, line 34: unreachable code after return statement
JavaScript warning: https://ajax.googleapis.com/ajax/libs/jquery/1.3.2/jquery.min.js, line 19: unreachable code after return statement
JavaScript error: https://ajax.googleapis.com/ajax/libs/jquery/1.3.2/jquery.min.js, line 19: TypeError: document.body is null
JavaScript warning: https://serverapi.arcgisonline.com/jsapi/arcgis/3.4/, line 34: unreachable code after return statement
JavaScript warning: https://serverapi.arcgisonline.com/jsapi/arcgis/3.4/, line 34: unreachable code after return statement
JavaScript warning: https://ajax.googleapis.com/ajax/libs/jquery/1.3.2/jquery.min.js, line 19: unreachable code after return statement
JavaScript error: resource://gre/actors/AutoCompleteChild.jsm, line 235: Error: Invalid autocomplete selectedIndex
1606755447079	Marionette	INFO	Stopped listening on port 8205

###!!! [Child][RunMessage] Error: Channel closing: too late to send/recv, messages will be lost


###!!! [Child][MessageChannel::SendAndWait] Error: Channel error: cannot send/recv

1606755447293	geckodriver	INFO	Listening on 127.0.0.1:9629
1606755450338	mozrunner::runner	INFO	Running command: "C:\\Program Files\\Mozilla Firefox\\firefox.exe" "--marionette" "-foreground" "-no-remote" "-profile" "C:\\Users\\NIMRAA~1\\AppData\\Local\\Temp\\rust_mozprofilex2QeGs"
Can't find symbol 'eglSwapBuffersWithDamageEXT'.
Can't find symbol 'eglSetDamageRegionKHR'.
JavaScript error: resource://gre/modules/XULStore.jsm, line 66: Error: Can't find profile directory.
console.warn: SearchSettings: "get: No settings file exists, new profile?" (new Error("", "(unknown module)"))
1606755454068	Marionette	INFO	Listening on port 9637
1606755454495	Marionette	WARN	TLS certificate errors will be ignored for this session
JavaScript warning: https://serverapi.arcgisonline.com/jsapi/arcgis/3.4/, line 34: unreachable code after return statement
JavaScript warning: https://serverapi.arcgisonline.com/jsapi/arcgis/3.4/, line 34: unreachable code after return statement
JavaScript warning: https://ajax.googleapis.com/ajax/libs/jquery/1.3.2/jquery.min.js, line 19: unreachable code after return statement
JavaScript error: https://ajax.googleapis.com/ajax/libs/jquery/1.3.2/jquery.min.js, line 19: TypeError: document.body is null
JavaScript warning: https://serverapi.arcgisonline.com/jsapi/arcgis/3.4/, line 34: unreachable code after return statement
JavaScript warning: https://serverapi.arcgisonline.com/jsapi/arcgis/3.4/, line 34: unreachable code after return statement
JavaScript warning: https://ajax.googleapis.com/ajax/libs/jquery/1.3.2/jquery.min.js, line 19: unreachable code after return statement
JavaScript error: https://ajax.googleapis.com/ajax/libs/jquery/1.3.2/jquery.min.js, line 19: TypeError: document.body is null
JavaScript warning: https://serverapi.arcgisonline.com/jsapi/arcgis/3.4/, line 34: unreachable code after return statement
JavaScript warning: https://serverapi.arcgisonline.com/jsapi/arcgis/3.4/, line 34: unreachable code after return statement
JavaScript warning: https://ajax.googleapis.com/ajax/libs/jquery/1.3.2/jquery.min.js, line 19: unreachable code after return statement
1606755467204	Marionette	INFO	Stopped listening on port 9637

###!!! [Child][RunMessage] Error: Channel closing: too late to send/recv, messages will be lost


###!!! [Child][RunMessage] Error: Channel closing: too late to send/recv, messages will be lost


###!!! [Child][MessageChannel::SendAndWait] Error: Channel error: cannot send/recv

1606755581195	geckodriver	INFO	Listening on 127.0.0.1:9793
1606755584230	mozrunner::runner	INFO	Running command: "C:\\Program Files\\Mozilla Firefox\\firefox.exe" "--marionette" "-foreground" "-no-remote" "-profile" "C:\\Users\\NIMRAA~1\\AppData\\Local\\Temp\\rust_mozprofileQ7i6xa"
Can't find symbol 'eglSwapBuffersWithDamageEXT'.
Can't find symbol 'eglSetDamageRegionKHR'.
JavaScript error: resource://gre/modules/XULStore.jsm, line 66: Error: Can't find profile directory.
console.warn: SearchSettings: "get: No settings file exists, new profile?" (new Error("", "(unknown module)"))
1606755587901	Marionette	INFO	Listening on port 9804
1606755588372	Marionette	WARN	TLS certificate errors will be ignored for this session
JavaScript warning: https://serverapi.arcgisonline.com/jsapi/arcgis/3.4/, line 34: unreachable code after return statement
JavaScript warning: https://serverapi.arcgisonline.com/jsapi/arcgis/3.4/, line 34: unreachable code after return statement
JavaScript warning: https://ajax.googleapis.com/ajax/libs/jquery/1.3.2/jquery.min.js, line 19: unreachable code after return statement
JavaScript error: https://ajax.googleapis.com/ajax/libs/jquery/1.3.2/jquery.min.js, line 19: TypeError: document.body is null
JavaScript warning: https://serverapi.arcgisonline.com/jsapi/arcgis/3.4/, line 34: unreachable code after return statement
JavaScript warning: https://serverapi.arcgisonline.com/jsapi/arcgis/3.4/, line 34: unreachable code after return statement
JavaScript warning: https://ajax.googleapis.com/ajax/libs/jquery/1.3.2/jquery.min.js, line 19: unreachable code after return statement
JavaScript error: https://ajax.googleapis.com/ajax/libs/jquery/1.3.2/jquery.min.js, line 19: TypeError: document.body is null
JavaScript warning: https://serverapi.arcgisonline.com/jsapi/arcgis/3.4/, line 34: unreachable code after return statement
JavaScript warning: https://serverapi.arcgisonline.com/jsapi/arcgis/3.4/, line 34: unreachable code after return statement
JavaScript warning: https://ajax.googleapis.com/ajax/libs/jquery/1.3.2/jquery.min.js, line 19: unreachable code after return statement
1606755603210	Marionette	INFO	Stopped listening on port 9804

###!!! [Child][RunMessage] Error: Channel closing: too late to send/recv, messages will be lost


###!!! [Child][MessageChannel::SendAndWait] Error: Channel error: cannot send/recv

1606755612067	geckodriver	INFO	Listening on 127.0.0.1:9896
1606755615088	mozrunner::runner	INFO	Running command: "C:\\Program Files\\Mozilla Firefox\\firefox.exe" "--marionette" "-foreground" "-no-remote" "-profile" "C:\\Users\\NIMRAA~1\\AppData\\Local\\Temp\\rust_mozprofilezjCeRB"
Can't find symbol 'eglSwapBuffersWithDamageEXT'.
Can't find symbol 'eglSetDamageRegionKHR'.
JavaScript error: resource://gre/modules/XULStore.jsm, line 66: Error: Can't find profile directory.
console.warn: SearchSettings: "get: No settings file exists, new profile?" (new Error("", "(unknown module)"))
1606755618526	Marionette	INFO	Listening on port 9908
1606755618730	Marionette	WARN	TLS certificate errors will be ignored for this session
JavaScript warning: https://serverapi.arcgisonline.com/jsapi/arcgis/3.4/, line 34: unreachable code after return statement
JavaScript warning: https://serverapi.arcgisonline.com/jsapi/arcgis/3.4/, line 34: unreachable code after return statement
JavaScript warning: https://ajax.googleapis.com/ajax/libs/jquery/1.3.2/jquery.min.js, line 19: unreachable code after return statement
JavaScript error: https://ajax.googleapis.com/ajax/libs/jquery/1.3.2/jquery.min.js, line 19: TypeError: document.body is null
JavaScript warning: https://serverapi.arcgisonline.com/jsapi/arcgis/3.4/, line 34: unreachable code after return statement
JavaScript warning: https://serverapi.arcgisonline.com/jsapi/arcgis/3.4/, line 34: unreachable code after return statement
JavaScript warning: https://ajax.googleapis.com/ajax/libs/jquery/1.3.2/jquery.min.js, line 19: unreachable code after return statement
JavaScript error: https://ajax.googleapis.com/ajax/libs/jquery/1.3.2/jquery.min.js, line 19: TypeError: document.body is null
JavaScript warning: https://serverapi.arcgisonline.com/jsapi/arcgis/3.4/, line 34: unreachable code after return statement
JavaScript warning: https://serverapi.arcgisonline.com/jsapi/arcgis/3.4/, line 34: unreachable code after return statement
JavaScript warning: https://ajax.googleapis.com/ajax/libs/jquery/1.3.2/jquery.min.js, line 19: unreachable code after return statement
1606755632277	Marionette	INFO	Stopped listening on port 9908

###!!! [Child][RunMessage] Error: Channel closing: too late to send/recv, messages will be lost


###!!! [Child][MessageChannel::SendAndWait] Error: Channel error: cannot send/recv

1606755643905	geckodriver	INFO	Listening on 127.0.0.1:10007
1606755646925	mozrunner::runner	INFO	Running command: "C:\\Program Files\\Mozilla Firefox\\firefox.exe" "--marionette" "-foreground" "-no-remote" "-profile" "C:\\Users\\NIMRAA~1\\AppData\\Local\\Temp\\rust_mozprofilebkHzzk"
Can't find symbol 'eglSwapBuffersWithDamageEXT'.
Can't find symbol 'eglSetDamageRegionKHR'.
JavaScript error: resource://gre/modules/XULStore.jsm, line 66: Error: Can't find profile directory.
console.warn: SearchSettings: "get: No settings file exists, new profile?" (new Error("", "(unknown module)"))
1606755650424	Marionette	INFO	Listening on port 10017
1606755650577	Marionette	WARN	TLS certificate errors will be ignored for this session
JavaScript warning: https://serverapi.arcgisonline.com/jsapi/arcgis/3.4/, line 34: unreachable code after return statement
JavaScript warning: https://serverapi.arcgisonline.com/jsapi/arcgis/3.4/, line 34: unreachable code after return statement
JavaScript warning: https://ajax.googleapis.com/ajax/libs/jquery/1.3.2/jquery.min.js, line 19: unreachable code after return statement
JavaScript error: https://ajax.googleapis.com/ajax/libs/jquery/1.3.2/jquery.min.js, line 19: TypeError: document.body is null
JavaScript warning: https://serverapi.arcgisonline.com/jsapi/arcgis/3.4/, line 34: unreachable code after return statement
JavaScript warning: https://serverapi.arcgisonline.com/jsapi/arcgis/3.4/, line 34: unreachable code after return statement
JavaScript warning: https://ajax.googleapis.com/ajax/libs/jquery/1.3.2/jquery.min.js, line 19: unreachable code after return statement
JavaScript error: https://ajax.googleapis.com/ajax/libs/jquery/1.3.2/jquery.min.js, line 19: TypeError: document.body is null
JavaScript warning: https://serverapi.arcgisonline.com/jsapi/arcgis/3.4/, line 34: unreachable code after return statement
JavaScript warning: https://serverapi.arcgisonline.com/jsapi/arcgis/3.4/, line 34: unreachable code after return statement
JavaScript warning: https://ajax.googleapis.com/ajax/libs/jquery/1.3.2/jquery.min.js, line 19: unreachable code after return statement
1606755670674	Marionette	INFO	Stopped listening on port 10017

###!!! [Child][RunMessage] Error: Channel closing: too late to send/recv, messages will be lost


###!!! [Child][MessageChannel::SendAndWait] Error: Channel error: cannot send/recv

1606755683098	geckodriver	INFO	Listening on 127.0.0.1:10115
1606755686143	mozrunner::runner	INFO	Running command: "C:\\Program Files\\Mozilla Firefox\\firefox.exe" "--marionette" "-foreground" "-no-remote" "-profile" "C:\\Users\\NIMRAA~1\\AppData\\Local\\Temp\\rust_mozprofilewjo5Uh"
Can't find symbol 'eglSwapBuffersWithDamageEXT'.
Can't find symbol 'eglSetDamageRegionKHR'.
JavaScript error: resource://gre/modules/XULStore.jsm, line 66: Error: Can't find profile directory.
console.warn: SearchSettings: "get: No settings file exists, new profile?" (new Error("", "(unknown module)"))
1606755689320	Marionette	INFO	Listening on port 10124
1606755689813	Marionette	WARN	TLS certificate errors will be ignored for this session
JavaScript warning: https://serverapi.arcgisonline.com/jsapi/arcgis/3.4/, line 34: unreachable code after return statement
JavaScript warning: https://serverapi.arcgisonline.com/jsapi/arcgis/3.4/, line 34: unreachable code after return statement
JavaScript warning: https://ajax.googleapis.com/ajax/libs/jquery/1.3.2/jquery.min.js, line 19: unreachable code after return statement
JavaScript error: https://ajax.googleapis.com/ajax/libs/jquery/1.3.2/jquery.min.js, line 19: TypeError: document.body is null
JavaScript warning: https://serverapi.arcgisonline.com/jsapi/arcgis/3.4/, line 34: unreachable code after return statement
JavaScript warning: https://serverapi.arcgisonline.com/jsapi/arcgis/3.4/, line 34: unreachable code after return statement
JavaScript warning: https://ajax.googleapis.com/ajax/libs/jquery/1.3.2/jquery.min.js, line 19: unreachable code after return statement
JavaScript error: https://ajax.googleapis.com/ajax/libs/jquery/1.3.2/jquery.min.js, line 19: TypeError: document.body is null
JavaScript warning: https://serverapi.arcgisonline.com/jsapi/arcgis/3.4/, line 34: unreachable code after return statement
JavaScript warning: https://serverapi.arcgisonline.com/jsapi/arcgis/3.4/, line 34: unreachable code after return statement
JavaScript warning: https://ajax.googleapis.com/ajax/libs/jquery/1.3.2/jquery.min.js, line 19: unreachable code after return statement
1606755704096	Marionette	INFO	Stopped listening on port 10124

###!!! [Child][RunMessage] Error: Channel closing: too late to send/recv, messages will be lost


###!!! [Child][MessageChannel::SendAndWait] Error: Channel error: cannot send/recv

1606755716723	geckodriver	INFO	Listening on 127.0.0.1:10232
1606755719755	mozrunner::runner	INFO	Running command: "C:\\Program Files\\Mozilla Firefox\\firefox.exe" "--marionette" "-foreground" "-no-remote" "-profile" "C:\\Users\\NIMRAA~1\\AppData\\Local\\Temp\\rust_mozprofileD1C9RB"
Can't find symbol 'eglSwapBuffersWithDamageEXT'.
Can't find symbol 'eglSetDamageRegionKHR'.
JavaScript error: resource://gre/modules/XULStore.jsm, line 66: Error: Can't find profile directory.
console.warn: SearchSettings: "get: No settings file exists, new profile?" (new Error("", "(unknown module)"))
1606755723251	Marionette	INFO	Listening on port 10240
1606755723416	Marionette	WARN	TLS certificate errors will be ignored for this session
JavaScript warning: https://serverapi.arcgisonline.com/jsapi/arcgis/3.4/, line 34: unreachable code after return statement
JavaScript warning: https://serverapi.arcgisonline.com/jsapi/arcgis/3.4/, line 34: unreachable code after return statement
JavaScript warning: https://ajax.googleapis.com/ajax/libs/jquery/1.3.2/jquery.min.js, line 19: unreachable code after return statement
JavaScript error: https://ajax.googleapis.com/ajax/libs/jquery/1.3.2/jquery.min.js, line 19: TypeError: document.body is null
JavaScript warning: https://serverapi.arcgisonline.com/jsapi/arcgis/3.4/, line 34: unreachable code after return statement
JavaScript warning: https://serverapi.arcgisonline.com/jsapi/arcgis/3.4/, line 34: unreachable code after return statement
JavaScript warning: https://ajax.googleapis.com/ajax/libs/jquery/1.3.2/jquery.min.js, line 19: unreachable code after return statement
JavaScript error: https://ajax.googleapis.com/ajax/libs/jquery/1.3.2/jquery.min.js, line 19: TypeError: document.body is null
JavaScript warning: https://serverapi.arcgisonline.com/jsapi/arcgis/3.4/, line 34: unreachable code after return statement
JavaScript warning: https://serverapi.arcgisonline.com/jsapi/arcgis/3.4/, line 34: unreachable code after return statement
JavaScript warning: https://ajax.googleapis.com/ajax/libs/jquery/1.3.2/jquery.min.js, line 19: unreachable code after return statement
1606755736819	Marionette	INFO	Stopped listening on port 10240

###!!! [Child][RunMessage] Error: Channel closing: too late to send/recv, messages will be lost


###!!! [Child][MessageChannel::SendAndWait] Error: Channel error: cannot send/recv

1606755752170	geckodriver	INFO	Listening on 127.0.0.1:10334
1606755755181	mozrunner::runner	INFO	Running command: "C:\\Program Files\\Mozilla Firefox\\firefox.exe" "--marionette" "-foreground" "-no-remote" "-profile" "C:\\Users\\NIMRAA~1\\AppData\\Local\\Temp\\rust_mozprofileF9sq3L"
Can't find symbol 'eglSwapBuffersWithDamageEXT'.
Can't find symbol 'eglSetDamageRegionKHR'.
JavaScript error: resource://gre/modules/XULStore.jsm, line 66: Error: Can't find profile directory.
console.warn: SearchSettings: "get: No settings file exists, new profile?" (new Error("", "(unknown module)"))
1606755758916	Marionette	INFO	Listening on port 10342
1606755759375	Marionette	WARN	TLS certificate errors will be ignored for this session
JavaScript warning: https://serverapi.arcgisonline.com/jsapi/arcgis/3.4/, line 34: unreachable code after return statement
JavaScript warning: https://serverapi.arcgisonline.com/jsapi/arcgis/3.4/, line 34: unreachable code after return statement
JavaScript warning: https://ajax.googleapis.com/ajax/libs/jquery/1.3.2/jquery.min.js, line 19: unreachable code after return statement
JavaScript error: https://ajax.googleapis.com/ajax/libs/jquery/1.3.2/jquery.min.js, line 19: TypeError: document.body is null
JavaScript warning: https://serverapi.arcgisonline.com/jsapi/arcgis/3.4/, line 34: unreachable code after return statement
JavaScript warning: https://serverapi.arcgisonline.com/jsapi/arcgis/3.4/, line 34: unreachable code after return statement
JavaScript warning: https://ajax.googleapis.com/ajax/libs/jquery/1.3.2/jquery.min.js, line 19: unreachable code after return statement
JavaScript error: https://ajax.googleapis.com/ajax/libs/jquery/1.3.2/jquery.min.js, line 19: TypeError: document.body is null
JavaScript warning: https://serverapi.arcgisonline.com/jsapi/arcgis/3.4/, line 34: unreachable code after return statement
JavaScript warning: https://serverapi.arcgisonline.com/jsapi/arcgis/3.4/, line 34: unreachable code after return statement
JavaScript warning: https://ajax.googleapis.com/ajax/libs/jquery/1.3.2/jquery.min.js, line 19: unreachable code after return statement
1606755777869	Marionette	INFO	Stopped listening on port 10342

###!!! [Child][RunMessage] Error: Channel closing: too late to send/recv, messages will be lost


###!!! [Child][MessageChannel::SendAndWait] Error: Channel error: cannot send/recv

1606755793775	geckodriver	INFO	Listening on 127.0.0.1:10441
1606755800412	mozrunner::runner	INFO	Running command: "C:\\Program Files\\Mozilla Firefox\\firefox.exe" "--marionette" "-foreground" "-no-remote" "-profile" "C:\\Users\\NIMRAA~1\\AppData\\Local\\Temp\\rust_mozprofileyEk7ZI"
Can't find symbol 'eglSwapBuffersWithDamageEXT'.
Can't find symbol 'eglSetDamageRegionKHR'.
JavaScript error: resource://gre/modules/XULStore.jsm, line 66: Error: Can't find profile directory.
console.warn: SearchSettings: "get: No settings file exists, new profile?" (new Error("", "(unknown module)"))
1606755803981	Marionette	INFO	Listening on port 10449
1606755804065	Marionette	WARN	TLS certificate errors will be ignored for this session
JavaScript warning: https://serverapi.arcgisonline.com/jsapi/arcgis/3.4/, line 34: unreachable code after return statement
JavaScript warning: https://serverapi.arcgisonline.com/jsapi/arcgis/3.4/, line 34: unreachable code after return statement
JavaScript warning: https://ajax.googleapis.com/ajax/libs/jquery/1.3.2/jquery.min.js, line 19: unreachable code after return statement
JavaScript error: https://ajax.googleapis.com/ajax/libs/jquery/1.3.2/jquery.min.js, line 19: TypeError: document.body is null
JavaScript warning: https://serverapi.arcgisonline.com/jsapi/arcgis/3.4/, line 34: unreachable code after return statement
JavaScript warning: https://serverapi.arcgisonline.com/jsapi/arcgis/3.4/, line 34: unreachable code after return statement
JavaScript warning: https://ajax.googleapis.com/ajax/libs/jquery/1.3.2/jquery.min.js, line 19: unreachable code after return statement
JavaScript error: https://ajax.googleapis.com/ajax/libs/jquery/1.3.2/jquery.min.js, line 19: TypeError: document.body is null
JavaScript warning: https://serverapi.arcgisonline.com/jsapi/arcgis/3.4/, line 34: unreachable code after return statement
JavaScript warning: https://serverapi.arcgisonline.com/jsapi/arcgis/3.4/, line 34: unreachable code after return statement
JavaScript warning: https://ajax.googleapis.com/ajax/libs/jquery/1.3.2/jquery.min.js, line 19: unreachable code after return statement
1606755819523	Marionette	INFO	Stopped listening on port 10449

###!!! [Child][RunMessage] Error: Channel closing: too late to send/recv, messages will be lost


###!!! [Child][MessageChannel::SendAndWait] Error: Channel error: cannot send/recv

1606755834010	geckodriver	INFO	Listening on 127.0.0.1:10549
1606755837030	mozrunner::runner	INFO	Running command: "C:\\Program Files\\Mozilla Firefox\\firefox.exe" "--marionette" "-foreground" "-no-remote" "-profile" "C:\\Users\\NIMRAA~1\\AppData\\Local\\Temp\\rust_mozprofileviZjKX"
Can't find symbol 'eglSwapBuffersWithDamageEXT'.
Can't find symbol 'eglSetDamageRegionKHR'.
JavaScript error: resource://gre/modules/XULStore.jsm, line 66: Error: Can't find profile directory.
console.warn: SearchSettings: "get: No settings file exists, new profile?" (new Error("", "(unknown module)"))
1606755840552	Marionette	INFO	Listening on port 10558
1606755840679	Marionette	WARN	TLS certificate errors will be ignored for this session
console.error: Region.jsm: "Error fetching region" (new Error("TIMEOUT", "resource://gre/modules/Region.jsm", 726))
console.error: Region.jsm: "Failed to fetch region" (new Error("TIMEOUT", "resource://gre/modules/Region.jsm", 376))
JavaScript warning: https://serverapi.arcgisonline.com/jsapi/arcgis/3.4/, line 34: unreachable code after return statement
JavaScript warning: https://serverapi.arcgisonline.com/jsapi/arcgis/3.4/, line 34: unreachable code after return statement
JavaScript warning: https://ajax.googleapis.com/ajax/libs/jquery/1.3.2/jquery.min.js, line 19: unreachable code after return statement
JavaScript error: https://ajax.googleapis.com/ajax/libs/jquery/1.3.2/jquery.min.js, line 19: TypeError: document.body is null
JavaScript warning: https://serverapi.arcgisonline.com/jsapi/arcgis/3.4/, line 34: unreachable code after return statement
JavaScript warning: https://serverapi.arcgisonline.com/jsapi/arcgis/3.4/, line 34: unreachable code after return statement
JavaScript warning: https://ajax.googleapis.com/ajax/libs/jquery/1.3.2/jquery.min.js, line 19: unreachable code after return statement
JavaScript error: https://ajax.googleapis.com/ajax/libs/jquery/1.3.2/jquery.min.js, line 19: TypeError: document.body is null
JavaScript warning: https://serverapi.arcgisonline.com/jsapi/arcgis/3.4/, line 34: unreachable code after return statement
JavaScript warning: https://serverapi.arcgisonline.com/jsapi/arcgis/3.4/, line 34: unreachable code after return statement
JavaScript warning: https://ajax.googleapis.com/ajax/libs/jquery/1.3.2/jquery.min.js, line 19: unreachable code after return statement
1606755856167	Marionette	INFO	Stopped listening on port 10558

###!!! [Child][RunMessage] Error: Channel closing: too late to send/recv, messages will be lost


###!!! [Child][MessageChannel::SendAndWait] Error: Channel error: cannot send/recv

1606755871653	geckodriver	INFO	Listening on 127.0.0.1:10648
1606755874689	mozrunner::runner	INFO	Running command: "C:\\Program Files\\Mozilla Firefox\\firefox.exe" "--marionette" "-foreground" "-no-remote" "-profile" "C:\\Users\\NIMRAA~1\\AppData\\Local\\Temp\\rust_mozprofileh7j0u7"
Can't find symbol 'eglSwapBuffersWithDamageEXT'.
Can't find symbol 'eglSetDamageRegionKHR'.
JavaScript error: resource://gre/modules/XULStore.jsm, line 66: Error: Can't find profile directory.
console.warn: SearchSettings: "get: No settings file exists, new profile?" (new Error("", "(unknown module)"))
1606755878254	Marionette	INFO	Listening on port 10656
1606755878366	Marionette	WARN	TLS certificate errors will be ignored for this session
JavaScript warning: https://serverapi.arcgisonline.com/jsapi/arcgis/3.4/, line 34: unreachable code after return statement
JavaScript warning: https://serverapi.arcgisonline.com/jsapi/arcgis/3.4/, line 34: unreachable code after return statement
JavaScript warning: https://ajax.googleapis.com/ajax/libs/jquery/1.3.2/jquery.min.js, line 19: unreachable code after return statement
JavaScript error: https://ajax.googleapis.com/ajax/libs/jquery/1.3.2/jquery.min.js, line 19: TypeError: document.body is null
JavaScript warning: https://serverapi.arcgisonline.com/jsapi/arcgis/3.4/, line 34: unreachable code after return statement
JavaScript warning: https://serverapi.arcgisonline.com/jsapi/arcgis/3.4/, line 34: unreachable code after return statement
JavaScript warning: https://ajax.googleapis.com/ajax/libs/jquery/1.3.2/jquery.min.js, line 19: unreachable code after return statement
JavaScript error: https://ajax.googleapis.com/ajax/libs/jquery/1.3.2/jquery.min.js, line 19: TypeError: document.body is null
JavaScript warning: https://serverapi.arcgisonline.com/jsapi/arcgis/3.4/, line 34: unreachable code after return statement
JavaScript warning: https://serverapi.arcgisonline.com/jsapi/arcgis/3.4/, line 34: unreachable code after return statement
JavaScript warning: https://ajax.googleapis.com/ajax/libs/jquery/1.3.2/jquery.min.js, line 19: unreachable code after return statement
1606755895807	Marionette	INFO	Stopped listening on port 10656

###!!! [Child][RunMessage] Error: Channel closing: too late to send/recv, messages will be lost


###!!! [Child][MessageChannel::SendAndWait] Error: Channel error: cannot send/recv

1606755912272	geckodriver	INFO	Listening on 127.0.0.1:10761
1606755915287	mozrunner::runner	INFO	Running command: "C:\\Program Files\\Mozilla Firefox\\firefox.exe" "--marionette" "-foreground" "-no-remote" "-profile" "C:\\Users\\NIMRAA~1\\AppData\\Local\\Temp\\rust_mozprofileR0YyOg"
Can't find symbol 'eglSwapBuffersWithDamageEXT'.
Can't find symbol 'eglSetDamageRegionKHR'.
JavaScript error: resource://gre/modules/XULStore.jsm, line 66: Error: Can't find profile directory.
console.warn: SearchSettings: "get: No settings file exists, new profile?" (new Error("", "(unknown module)"))
1606755919726	Marionette	INFO	Listening on port 10770
1606755920048	Marionette	WARN	TLS certificate errors will be ignored for this session
JavaScript warning: https://serverapi.arcgisonline.com/jsapi/arcgis/3.4/, line 34: unreachable code after return statement
JavaScript warning: https://serverapi.arcgisonline.com/jsapi/arcgis/3.4/, line 34: unreachable code after return statement
JavaScript warning: https://ajax.googleapis.com/ajax/libs/jquery/1.3.2/jquery.min.js, line 19: unreachable code after return statement
JavaScript error: https://ajax.googleapis.com/ajax/libs/jquery/1.3.2/jquery.min.js, line 19: TypeError: document.body is null
JavaScript warning: https://serverapi.arcgisonline.com/jsapi/arcgis/3.4/, line 34: unreachable code after return statement
JavaScript warning: https://serverapi.arcgisonline.com/jsapi/arcgis/3.4/, line 34: unreachable code after return statement
JavaScript warning: https://ajax.googleapis.com/ajax/libs/jquery/1.3.2/jquery.min.js, line 19: unreachable code after return statement
JavaScript error: https://ajax.googleapis.com/ajax/libs/jquery/1.3.2/jquery.min.js, line 19: TypeError: document.body is null
JavaScript warning: https://serverapi.arcgisonline.com/jsapi/arcgis/3.4/, line 34: unreachable code after return statement
JavaScript warning: https://serverapi.arcgisonline.com/jsapi/arcgis/3.4/, line 34: unreachable code after return statement
JavaScript warning: https://ajax.googleapis.com/ajax/libs/jquery/1.3.2/jquery.min.js, line 19: unreachable code after return statement
1606756004706	Marionette	INFO	Stopped listening on port 10770

###!!! [Child][RunMessage] Error: Channel closing: too late to send/recv, messages will be lost


###!!! [Child][MessageChannel::SendAndWait] Error: Channel error: cannot send/recv

ppData\\Local\\Temp\\rust_mozprofileNmhhEU"
*** You are running in headless mode.
JavaScript error: resource://gre/modules/XULStore.jsm, line 66: Error: Can't find profile directory.
console.warn: SearchSettings: "get: No settings file exists, new profile?" (new Error("", "(unknown module)"))
1606755993131	Marionette	INFO	Listening on port 10901
1606755993412	Marionette	WARN	TLS certificate errors will be ignored for this session
JavaScript warning: https://serverapi.arcgisonline.com/jsapi/arcgis/3.4/, line 34: unreachable code after return statement
JavaScript warning: https://serverapi.arcgisonline.com/jsapi/arcgis/3.4/, line 34: unreachable code after return statement
JavaScript warning: https://ajax.googleapis.com/ajax/libs/jquery/1.3.2/jquery.min.js, line 19: unreachable code after return statement
JavaScript error: https://ajax.googleapis.com/ajax/libs/jquery/1.3.2/jquery.min.js, line 19: TypeError: document.body is null
JavaScript warning: https://serverapi.arcgisonline.com/jsapi/arcgis/3.4/, line 34: unreachable code after return statement
JavaScript warning: https://serverapi.arcgisonline.com/jsapi/arcgis/3.4/, line 34: unreachable code after return statement
JavaScript warning: https://ajax.googleapis.com/ajax/libs/jquery/1.3.2/jquery.min.js, line 19: unreachable code after return statement
JavaScript error: https://ajax.googleapis.com/ajax/libs/jquery/1.3.2/jquery.min.js, line 19: TypeError: document.body is null
JavaScript warning: https://serverapi.arcgisonline.com/jsapi/arcgis/3.4/, line 34: unreachable code after return statement
JavaScript warning: https://serverapi.arcgisonline.com/jsapi/arcgis/3.4/, line 34: unreachable code after return statement
JavaScript warning: https://ajax.googleapis.com/ajax/libs/jquery/1.3.2/jquery.min.js, line 19: unreachable code after return statement
1606756007207	Marionette	INFO	Stopped listening on port 10901
1606756008110	geckodriver	INFO	Listening on 127.0.0.1:10977
1606756028167	geckodriver	INFO	Listening on 127.0.0.1:10993
1606756031198	mozrunner::runner	INFO	Running command: "C:\\Program Files\\Mozilla Firefox\\firefox.exe" "--marionette" "-headless" "-foreground" "-no-remote" "-profile" "C:\\Users\\NIMRAA~1\\AppData\\Local\\Temp\\rust_mozprofilePQxA8b"
*** You are running in headless mode.
JavaScript error: resource://gre/modules/XULStore.jsm, line 66: Error: Can't find profile directory.
console.warn: SearchSettings: "get: No settings file exists, new profile?" (new Error("", "(unknown module)"))
1606756033563	Marionette	INFO	Listening on port 11001
1606756033841	Marionette	WARN	TLS certificate errors will be ignored for this session
JavaScript warning: https://serverapi.arcgisonline.com/jsapi/arcgis/3.4/, line 34: unreachable code after return statement
JavaScript warning: https://serverapi.arcgisonline.com/jsapi/arcgis/3.4/, line 34: unreachable code after return statement
JavaScript warning: https://ajax.googleapis.com/ajax/libs/jquery/1.3.2/jquery.min.js, line 19: unreachable code after return statement
JavaScript error: https://ajax.googleapis.com/ajax/libs/jquery/1.3.2/jquery.min.js, line 19: TypeError: document.body is null
A content process crashed and MOZ_CRASHREPORTER_SHUTDOWN is set, shutting down
Marionette threw an error: TypeError: driver.dialogObserver is null
waitForNavigationCompleted/<@chrome://marionette/content/navigate.js:364:5

[Parent 13128, Gecko_IOThread] WARNING: file /builds/worker/checkouts/gecko/ipc/chromium/src/base/process_util_win.cc:166
1606756155807	Marionette	INFO	Stopped listening on port 11001
ind profile directory.
console.warn: SearchSettings: "get: No settings file exists, new profile?" (new Error("", "(unknown module)"))
1606756057717	Marionette	INFO	Listening on port 11086
1606756058150	Marionette	WARN	TLS certificate errors will be ignored for this session
JavaScript warning: https://serverapi.arcgisonline.com/jsapi/arcgis/3.4/, line 34: unreachable code after return statement
JavaScript warning: https://serverapi.arcgisonline.com/jsapi/arcgis/3.4/, line 34: unreachable code after return statement
JavaScript warning: https://ajax.googleapis.com/ajax/libs/jquery/1.3.2/jquery.min.js, line 19: unreachable code after return statement
JavaScript error: https://ajax.googleapis.com/ajax/libs/jquery/1.3.2/jquery.min.js, line 19: TypeError: document.body is null
JavaScript warning: https://serverapi.arcgisonline.com/jsapi/arcgis/3.4/, line 34: unreachable code after return statement
JavaScript warning: https://serverapi.arcgisonline.com/jsapi/arcgis/3.4/, line 34: unreachable code after return statement
JavaScript warning: https://ajax.googleapis.com/ajax/libs/jquery/1.3.2/jquery.min.js, line 19: unreachable code after return statement
JavaScript error: https://ajax.googleapis.com/ajax/libs/jquery/1.3.2/jquery.min.js, line 19: TypeError: document.body is null
JavaScript warning: https://serverapi.arcgisonline.com/jsapi/arcgis/3.4/, line 34: unreachable code after return statement
JavaScript warning: https://serverapi.arcgisonline.com/jsapi/arcgis/3.4/, line 34: unreachable code after return statement
JavaScript warning: https://ajax.googleapis.com/ajax/libs/jquery/1.3.2/jquery.min.js, line 19: unreachable code after return statement
1606756070424	Marionette	INFO	Stopped listening on port 11086
1606756078962	geckodriver	INFO	Listening on 127.0.0.1:11170
1606756081979	mozrunner::runner	INFO	Running command: "C:\\Program Files\\Mozilla Firefox\\firefox.exe" "--marionette" "-headless" "-foreground" "-no-remote" "-profile" "C:\\Users\\NIMRAA~1\\AppData\\Local\\Temp\\rust_mozprofileAIFOud"
*** You are running in headless mode.
JavaScript error: resource://gre/modules/XULStore.jsm, line 66: Error: Can't find profile directory.
console.warn: SearchSettings: "get: No settings file exists, new profile?" (new Error("", "(unknown module)"))
1606756085250	Marionette	INFO	Listening on port 11178
1606756085643	Marionette	WARN	TLS certificate errors will be ignored for this session
JavaScript warning: https://serverapi.arcgisonline.com/jsapi/arcgis/3.4/, line 34: unreachable code after return statement
JavaScript warning: https://serverapi.arcgisonline.com/jsapi/arcgis/3.4/, line 34: unreachable code after return statement
JavaScript warning: https://ajax.googleapis.com/ajax/libs/jquery/1.3.2/jquery.min.js, line 19: unreachable code after return statement
JavaScript error: https://ajax.googleapis.com/ajax/libs/jquery/1.3.2/jquery.min.js, line 19: TypeError: document.body is null
JavaScript warning: https://serverapi.arcgisonline.com/jsapi/arcgis/3.4/, line 34: unreachable code after return statement
JavaScript warning: https://serverapi.arcgisonline.com/jsapi/arcgis/3.4/, line 34: unreachable code after return statement
JavaScript warning: https://ajax.googleapis.com/ajax/libs/jquery/1.3.2/jquery.min.js, line 19: unreachable code after return statement
JavaScript error: https://ajax.googleapis.com/ajax/libs/jquery/1.3.2/jquery.min.js, line 19: TypeError: document.body is null
JavaScript warning: https://serverapi.arcgisonline.com/jsapi/arcgis/3.4/, line 34: unreachable code after return statement
JavaScript warning: https://serverapi.arcgisonline.com/jsapi/arcgis/3.4/, line 34: unreachable code after return statement
JavaScript warning: https://ajax.googleapis.com/ajax/libs/jquery/1.3.2/jquery.min.js, line 19: unreachable code after return statement
1606756098944	Marionette	INFO	Stopped listening on port 11178
1606756109840	geckodriver	INFO	Listening on 127.0.0.1:11274
1606756112861	mozrunner::runner	INFO	Running command: "C:\\Program Files\\Mozilla Firefox\\firefox.exe" "--marionette" "-headless" "-foreground" "-no-remote" "-profile" "C:\\Users\\NIMRAA~1\\AppData\\Local\\Temp\\rust_mozprofilegZOwu9"
*** You are running in headless mode.
JavaScript error: resource://gre/modules/XULStore.jsm, line 66: Error: Can't find profile directory.
console.warn: SearchSettings: "get: No settings file exists, new profile?" (new Error("", "(unknown module)"))
1606756115227	Marionette	INFO	Listening on port 11282

###!!! [Parent][MessageChannel] Error: (msgtype=0x3A0148,name=PContent::Msg_AsyncMessage) Channel error: cannot send/recv

A content process crashed and MOZ_CRASHREPORTER_SHUTDOWN is set, shutting down
[Parent 1760, Gecko_IOThread] WARNING: file /builds/worker/checkouts/gecko/ipc/chromium/src/base/process_util_win.cc:166
1606756153731	Marionette	INFO	Stopped listening on port 11282
m, line 66: Error: Can't find profile directory.
console.warn: SearchSettings: "get: No settings file exists, new profile?" (new Error("", "(unknown module)"))
1606756123365	Marionette	INFO	Listening on port 11329

###!!! [Parent][MessageChannel] Error: (msgtype=0xD,name=PAPZ::Msg_Destroy) Channel error: cannot send/recv

A content process crashed and MOZ_CRASHREPORTER_SHUTDOWN is set, shutting down
[Parent 13264, Gecko_IOThread] WARNING: file /builds/worker/checkouts/gecko/ipc/chromium/src/base/process_util_win.cc:166
1606756151229	Marionette	INFO	Stopped listening on port 11329
